2024-11-12 02:37:42,537 [INFO] Activator:176 - 


2024-11-12 02:37:42,546 [INFO] Activator:177 - !SESSION log4j initialized
2024-11-12 02:37:46,837 [INFO] LogOutputStream:77 - [STDOUT_REDIRECT] 
2024-11-12 02:37:50,339 [INFO] ApplicationProperties:184 - Using Application install path: C:\ST\STM32CubeIDE_1.14.1\STM32CubeIDE\plugins\com.st.stm32cube.common.mx_6.10.0.202311202037
2024-11-12 02:37:50,349 [INFO] DbMcusXml:78 - Set database path to: C:\ST\STM32CubeIDE_1.14.1\STM32CubeIDE\plugins\com.st.stm32cube.common.mx_6.10.0.202311202037\\db\/mcu/
2024-11-12 02:37:50,349 [INFO] ApiDb:274 - Set plugin database path to: C:\ST\STM32CubeIDE_1.14.1\STM32CubeIDE\plugins\com.st.stm32cube.common.mx_6.10.0.202311202037\\db\/plugins/boardmanager/
2024-11-12 02:37:50,350 [WARN] ApiDb:259 - Overriding images path with different value:  => C:\ST\STM32CubeIDE_1.14.1\STM32CubeIDE\plugins\com.st.stm32cube.common.mx_6.10.0.202311202037\\db\/plugins/mcufinder/images/
2024-11-12 02:37:50,355 [INFO] ApiDb:250 - Set database path to: C:\Users\gabriel.brunheira\.stmcufinder\plugins\mcufinder//mcu/
2024-11-12 02:37:50,356 [INFO] DbMcusAds:125 - Set database path to: C:\Users\gabriel.brunheira\.stmcufinder\plugins\mcufinder//mcu/
2024-11-12 02:37:50,357 [INFO] CrossReferenceDbSqlite:203 - Set database path to: C:\Users\gabriel.brunheira\.stmcufinder\plugins\mcufinder//mcu/cs/
2024-11-12 02:37:50,442 [INFO] RulesReader:64 - Compatibility file has been processed (297 Rules)
2024-11-12 02:37:50,721 [INFO] DbMcusXml:78 - Set database path to: C:\ST\STM32CubeIDE_1.14.1\STM32CubeIDE\plugins\com.st.stm32cube.common.mx_6.10.0.202311202037\\db\/mcu/
2024-11-12 02:37:50,721 [INFO] ApiDb:274 - Set plugin database path to: C:\ST\STM32CubeIDE_1.14.1\STM32CubeIDE\plugins\com.st.stm32cube.common.mx_6.10.0.202311202037\\db\/plugins/boardmanager/
2024-11-12 02:37:50,722 [INFO] ApiDb:261 - Set plugin images path to: C:\ST\STM32CubeIDE_1.14.1\STM32CubeIDE\plugins\com.st.stm32cube.common.mx_6.10.0.202311202037\\db\/plugins/mcufinder/images/
2024-11-12 02:37:50,722 [WARN] DbFile:41 - Overriding database path with different value: C:\Users\gabriel.brunheira\.stmcufinder\plugins\mcufinder/ => C:\Users\gabriel.brunheira\.stmcufinder\plugins\mcufinder
2024-11-12 02:37:50,723 [INFO] ApiDb:250 - Set database path to: C:\Users\gabriel.brunheira\.stmcufinder\plugins\mcufinder//mcu/
2024-11-12 02:37:50,723 [WARN] DbFile:41 - Overriding database path with different value: C:\Users\gabriel.brunheira\.stmcufinder\plugins\mcufinder/ => C:\Users\gabriel.brunheira\.stmcufinder\plugins\mcufinder
2024-11-12 02:37:50,723 [INFO] DbMcusAds:125 - Set database path to: C:\Users\gabriel.brunheira\.stmcufinder\plugins\mcufinder//mcu/
2024-11-12 02:37:50,723 [WARN] DbFile:41 - Overriding database path with different value: C:\Users\gabriel.brunheira\.stmcufinder\plugins\mcufinder/ => C:\Users\gabriel.brunheira\.stmcufinder\plugins\mcufinder
2024-11-12 02:37:50,723 [WARN] DbFile:41 - Overriding database path with different value: C:\Users\gabriel.brunheira\.stmcufinder\plugins\mcufinder/ => C:\Users\gabriel.brunheira\.stmcufinder\plugins\mcufinder
2024-11-12 02:37:50,723 [INFO] CrossReferenceDbSqlite:203 - Set database path to: C:\Users\gabriel.brunheira\.stmcufinder\plugins\mcufinder//mcu/cs/
2024-11-12 02:37:50,876 [INFO] MainPanel:264 - HeapMemory: 268435456
2024-11-12 02:37:50,990 [INFO] DbMcusXml:78 - Set database path to: C:\ST\STM32CubeIDE_1.14.1\STM32CubeIDE\plugins\com.st.stm32cube.common.mx_6.10.0.202311202037\\db\/mcu/
2024-11-12 02:37:50,991 [INFO] ApiDb:274 - Set plugin database path to: C:\ST\STM32CubeIDE_1.14.1\STM32CubeIDE\plugins\com.st.stm32cube.common.mx_6.10.0.202311202037\\db\/plugins/boardmanager/
2024-11-12 02:37:50,991 [INFO] ApiDb:261 - Set plugin images path to: C:\ST\STM32CubeIDE_1.14.1\STM32CubeIDE\plugins\com.st.stm32cube.common.mx_6.10.0.202311202037\\db\/plugins/mcufinder/images/
2024-11-12 02:37:50,991 [WARN] DbFile:41 - Overriding database path with different value: C:\Users\gabriel.brunheira\.stmcufinder\plugins\mcufinder/ => C:\Users\gabriel.brunheira\.stmcufinder\plugins\mcufinder
2024-11-12 02:37:50,991 [INFO] ApiDb:250 - Set database path to: C:\Users\gabriel.brunheira\.stmcufinder\plugins\mcufinder//mcu/
2024-11-12 02:37:50,991 [WARN] DbFile:41 - Overriding database path with different value: C:\Users\gabriel.brunheira\.stmcufinder\plugins\mcufinder/ => C:\Users\gabriel.brunheira\.stmcufinder\plugins\mcufinder
2024-11-12 02:37:50,991 [INFO] DbMcusAds:125 - Set database path to: C:\Users\gabriel.brunheira\.stmcufinder\plugins\mcufinder//mcu/
2024-11-12 02:37:50,991 [WARN] DbFile:41 - Overriding database path with different value: C:\Users\gabriel.brunheira\.stmcufinder\plugins\mcufinder/ => C:\Users\gabriel.brunheira\.stmcufinder\plugins\mcufinder
2024-11-12 02:37:50,991 [WARN] DbFile:41 - Overriding database path with different value: C:\Users\gabriel.brunheira\.stmcufinder\plugins\mcufinder/ => C:\Users\gabriel.brunheira\.stmcufinder\plugins\mcufinder
2024-11-12 02:37:50,991 [INFO] CrossReferenceDbSqlite:203 - Set database path to: C:\Users\gabriel.brunheira\.stmcufinder\plugins\mcufinder//mcu/cs/
2024-11-12 02:37:51,030 [INFO] ApplicationProperties:184 - Using Application install path: C:\ST\STM32CubeIDE_1.14.1\STM32CubeIDE\plugins\com.st.stm32cube.common.mx_6.10.0.202311202037
2024-11-12 02:37:51,032 [INFO] PluginManage:196 - Search for loadable plugins [exclusion list=, ]
2024-11-12 02:37:51,032 [INFO] PluginManage:310 - Check plugin analytics
2024-11-12 02:37:51,178 [INFO] AnalyticsPlugin:253 - Accepted Software Licenses: 
2024-11-12 02:37:51,178 [INFO] AnalyticsPlugin:255 - Accepted CMSIS Pack Licenses: 
2024-11-12 02:37:51,179 [INFO] AnalyticsPlugin:257 - Accepted Firmware Licenses: FW.G4.1.5.0
2024-11-12 02:37:51,182 [INFO] PluginManage:359 - Loaded plugin analytics (category:tool,tabindex:-1)
2024-11-12 02:37:51,182 [INFO] PluginManage:310 - Check plugin cadmodel
2024-11-12 02:37:51,195 [INFO] CADModel:105 - Init CAD model plugin
2024-11-12 02:37:51,195 [INFO] PluginManage:359 - Loaded plugin cadmodel (category:power,tabindex:5)
2024-11-12 02:37:51,196 [INFO] PluginManage:310 - Check plugin clock
2024-11-12 02:37:51,210 [INFO] PluginManage:359 - Loaded plugin clock (category:base,tabindex:2)
2024-11-12 02:37:51,211 [INFO] PluginManage:310 - Check plugin ddr
2024-11-12 02:37:51,212 [INFO] PluginManage:359 - Loaded plugin ddr (category:tool,tabindex:6)
2024-11-12 02:37:51,212 [INFO] PluginManage:310 - Check plugin filemanager
2024-11-12 02:37:51,326 [INFO] PluginManage:359 - Loaded plugin filemanager (category:base,tabindex:10)
2024-11-12 02:37:51,326 [INFO] PluginManage:310 - Check plugin ipmanager
2024-11-12 02:37:51,354 [INFO] PluginManage:359 - Loaded plugin ipmanager (category:base,tabindex:5)
2024-11-12 02:37:51,354 [INFO] PluginManage:310 - Check plugin lpbam
2024-11-12 02:37:51,368 [INFO] PluginManage:359 - Loaded plugin lpbam (category:base,tabindex:0)
2024-11-12 02:37:51,368 [INFO] PluginManage:310 - Check plugin memorymap
2024-11-12 02:37:51,388 [INFO] PluginManage:359 - Loaded plugin memorymap (category:base,tabindex:4)
2024-11-12 02:37:51,388 [INFO] PluginManage:310 - Check plugin pinoutandconfiguration
2024-11-12 02:37:51,395 [INFO] PluginManage:359 - Loaded plugin pinoutandconfiguration (category:base,tabindex:1)
2024-11-12 02:37:51,398 [INFO] PluginManage:310 - Check plugin pinoutconfig
2024-11-12 02:37:51,492 [WARN] SupportedApi:132 - Cannot load RTOS API schema: s4s-elt-must-match.1: The content of 'definitions' must match (annotation?, (simpleType | complexType)?, (unique | key | keyref)*)). A problem was found starting at: attribute.
2024-11-12 02:37:51,576 [INFO] PluginManage:359 - Loaded plugin pinoutconfig (category:base,tabindex:0)
2024-11-12 02:37:51,576 [INFO] PluginManage:310 - Check plugin power
2024-11-12 02:37:51,592 [INFO] PluginManage:359 - Loaded plugin power (category:power,tabindex:4)
2024-11-12 02:37:51,592 [INFO] PluginManage:310 - Check plugin projectmanager
2024-11-12 02:37:51,602 [INFO] PluginManage:359 - Loaded plugin projectmanager (category:projectmanager,tabindex:3)
2024-11-12 02:37:51,603 [INFO] PluginManage:310 - Check plugin thirdparty
2024-11-12 02:37:51,744 [INFO] PluginManage:359 - Loaded plugin thirdparty (category:base,tabindex:-1)
2024-11-12 02:37:51,744 [WARN] IntegrityCheckThread:84 - waiting for thirdparty lock release [integrity check]
2024-11-12 02:37:51,744 [INFO] PluginManage:310 - Check plugin tools
2024-11-12 02:37:51,745 [INFO] IntegrityCheckThread:86 - entering critical section [integrity check]
2024-11-12 02:37:51,745 [INFO] ThirdPartyUpdaterWithRetryManager:70 - Updater plugin not ready yet. [1/15]
2024-11-12 02:37:51,751 [INFO] PluginManage:359 - Loaded plugin tools (category:base,tabindex:7)
2024-11-12 02:37:51,752 [INFO] PluginManage:310 - Check plugin tutovideos
2024-11-12 02:37:51,855 [INFO] PluginManage:359 - Loaded plugin tutovideos (category:base,tabindex:-1)
2024-11-12 02:37:51,855 [INFO] PluginManage:310 - Check plugin updater
2024-11-12 02:37:51,862 [INFO] PluginManage:359 - Loaded plugin updater (category:base,tabindex:12)
2024-11-12 02:37:51,862 [INFO] PluginManage:310 - Check plugin userauth
2024-11-12 02:37:51,866 [INFO] UserAuth:114 - Init User Auth plugin
2024-11-12 02:37:51,867 [INFO] PluginManage:359 - Loaded plugin userauth (category:base,tabindex:14)
2024-11-12 02:37:51,867 [INFO] PluginManage:283 - PluginManage : Loaded plugins [17]
2024-11-12 02:37:52,284 [INFO] PinOutPanel:1499 - setPackage(No Configuration,No Configuration)
2024-11-12 02:37:52,562 [INFO] CADModel:165 - CPN selected for project level
2024-11-12 02:37:52,563 [INFO] CADModel:114 - Register for checkConnection events
2024-11-12 02:37:52,583 [INFO] IPUIPlugin:80 - create IPUIPlugin
2024-11-12 02:37:52,584 [INFO] PluginManager:220 - loadIPPluginJar : add adc
2024-11-12 02:37:52,590 [INFO] IPUIPlugin:80 - create IPUIPlugin
2024-11-12 02:37:52,591 [INFO] PluginManager:220 - loadIPPluginJar : add aes
2024-11-12 02:37:52,599 [INFO] IPUIPlugin:80 - create IPUIPlugin
2024-11-12 02:37:52,599 [INFO] PluginManager:220 - loadIPPluginJar : add can
2024-11-12 02:37:52,603 [INFO] IPUIPlugin:80 - create IPUIPlugin
2024-11-12 02:37:52,604 [INFO] PluginManager:220 - loadIPPluginJar : add comp
2024-11-12 02:37:52,610 [INFO] IPUIPlugin:80 - create IPUIPlugin
2024-11-12 02:37:52,611 [INFO] PluginManager:220 - loadIPPluginJar : add cryp
2024-11-12 02:37:52,618 [INFO] IPUIPlugin:80 - create IPUIPlugin
2024-11-12 02:37:52,618 [INFO] PluginManager:220 - loadIPPluginJar : add dfsdm
2024-11-12 02:37:52,629 [INFO] IPUIPlugin:80 - create IPUIPlugin
2024-11-12 02:37:52,631 [INFO] PluginManager:220 - loadIPPluginJar : add dma
2024-11-12 02:37:52,639 [INFO] IPUIPlugin:80 - create IPUIPlugin
2024-11-12 02:37:52,640 [INFO] PluginManager:220 - loadIPPluginJar : add dma3
2024-11-12 02:37:52,645 [INFO] IPUIPlugin:80 - create IPUIPlugin
2024-11-12 02:37:52,646 [INFO] PluginManager:220 - loadIPPluginJar : add fatfs
2024-11-12 02:37:52,655 [INFO] IPUIPlugin:80 - create IPUIPlugin
2024-11-12 02:37:52,655 [INFO] PluginManager:220 - loadIPPluginJar : add fmc
2024-11-12 02:37:52,665 [INFO] IPUIPlugin:80 - create IPUIPlugin
2024-11-12 02:37:52,666 [INFO] PluginManager:220 - loadIPPluginJar : add freertos
2024-11-12 02:37:52,671 [INFO] IPUIPlugin:80 - create IPUIPlugin
2024-11-12 02:37:52,671 [INFO] PluginManager:220 - loadIPPluginJar : add genericplugin
2024-11-12 02:37:52,679 [INFO] IPUIPlugin:80 - create IPUIPlugin
2024-11-12 02:37:52,680 [INFO] PluginManager:220 - loadIPPluginJar : add gfxmmu
2024-11-12 02:37:52,691 [INFO] IPUIPlugin:80 - create IPUIPlugin
2024-11-12 02:37:52,691 [INFO] PluginManager:220 - loadIPPluginJar : add gic
2024-11-12 02:37:52,701 [INFO] IPUIPlugin:80 - create IPUIPlugin
2024-11-12 02:37:52,701 [INFO] PluginManager:220 - loadIPPluginJar : add gpio
2024-11-12 02:37:52,711 [INFO] IPUIPlugin:80 - create IPUIPlugin
2024-11-12 02:37:52,711 [INFO] PluginManager:220 - loadIPPluginJar : add gtzc
2024-11-12 02:37:52,718 [INFO] IPUIPlugin:80 - create IPUIPlugin
2024-11-12 02:37:52,718 [INFO] PluginManager:220 - loadIPPluginJar : add hash
2024-11-12 02:37:52,729 [INFO] IPUIPlugin:80 - create IPUIPlugin
2024-11-12 02:37:52,729 [INFO] PluginManager:220 - loadIPPluginJar : add i2c
2024-11-12 02:37:52,731 [INFO] IPUIPlugin:80 - create IPUIPlugin
2024-11-12 02:37:52,731 [INFO] PluginManager:220 - loadIPPluginJar : add i2s
2024-11-12 02:37:52,733 [INFO] IPUIPlugin:80 - create IPUIPlugin
2024-11-12 02:37:52,733 [INFO] PluginManager:220 - loadIPPluginJar : add i3c
2024-11-12 02:37:52,744 [INFO] IPUIPlugin:80 - create IPUIPlugin
2024-11-12 02:37:52,744 [INFO] PluginManager:220 - loadIPPluginJar : add ipddr
2024-11-12 02:37:52,756 [INFO] IPUIPlugin:80 - create IPUIPlugin
2024-11-12 02:37:52,756 [INFO] PluginManager:220 - loadIPPluginJar : add linkedlist
2024-11-12 02:37:52,763 [INFO] IPUIPlugin:80 - create IPUIPlugin
2024-11-12 02:37:52,763 [INFO] PluginManager:220 - loadIPPluginJar : add lorawan
2024-11-12 02:37:52,771 [INFO] IPUIPlugin:80 - create IPUIPlugin
2024-11-12 02:37:52,772 [INFO] PluginManager:220 - loadIPPluginJar : add ltdc
2024-11-12 02:37:52,784 [INFO] IPUIPlugin:80 - create IPUIPlugin
2024-11-12 02:37:52,785 [INFO] PluginManager:220 - loadIPPluginJar : add mdma
2024-11-12 02:37:52,796 [INFO] IPUIPlugin:80 - create IPUIPlugin
2024-11-12 02:37:52,796 [INFO] PluginManager:220 - loadIPPluginJar : add nvic
2024-11-12 02:37:52,804 [INFO] IPUIPlugin:80 - create IPUIPlugin
2024-11-12 02:37:52,804 [INFO] PluginManager:220 - loadIPPluginJar : add opamp
2024-11-12 02:37:52,814 [INFO] IPUIPlugin:80 - create IPUIPlugin
2024-11-12 02:37:52,814 [INFO] PluginManager:220 - loadIPPluginJar : add openamp
2024-11-12 02:37:52,823 [INFO] IPUIPlugin:80 - create IPUIPlugin
2024-11-12 02:37:52,823 [INFO] PluginManager:220 - loadIPPluginJar : add pdm2pcm
2024-11-12 02:37:52,826 [INFO] IPUIPlugin:80 - create IPUIPlugin
2024-11-12 02:37:52,828 [INFO] PluginManager:220 - loadIPPluginJar : add plateformsettings
2024-11-12 02:37:52,833 [INFO] IPUIPlugin:80 - create IPUIPlugin
2024-11-12 02:37:52,833 [INFO] PluginManager:220 - loadIPPluginJar : add quadspi
2024-11-12 02:37:52,843 [INFO] IPUIPlugin:80 - create IPUIPlugin
2024-11-12 02:37:52,843 [INFO] PluginManager:220 - loadIPPluginJar : add resmgrutility
2024-11-12 02:37:52,845 [INFO] IPUIPlugin:80 - create IPUIPlugin
2024-11-12 02:37:52,845 [INFO] PluginManager:220 - loadIPPluginJar : add sai
2024-11-12 02:37:52,853 [INFO] IPUIPlugin:80 - create IPUIPlugin
2024-11-12 02:37:52,853 [INFO] PluginManager:220 - loadIPPluginJar : add spi
2024-11-12 02:37:52,866 [INFO] IPUIPlugin:80 - create IPUIPlugin
2024-11-12 02:37:52,866 [INFO] PluginManager:220 - loadIPPluginJar : add stm32_wpan
2024-11-12 02:37:52,871 [INFO] IPUIPlugin:80 - create IPUIPlugin
2024-11-12 02:37:52,871 [INFO] PluginManager:220 - loadIPPluginJar : add tim
2024-11-12 02:37:52,881 [INFO] IPUIPlugin:80 - create IPUIPlugin
2024-11-12 02:37:52,881 [INFO] PluginManager:220 - loadIPPluginJar : add touchsensing
2024-11-12 02:37:52,887 [INFO] IPUIPlugin:80 - create IPUIPlugin
2024-11-12 02:37:52,887 [INFO] PluginManager:220 - loadIPPluginJar : add tracer_emb
2024-11-12 02:37:52,892 [INFO] IPUIPlugin:80 - create IPUIPlugin
2024-11-12 02:37:52,892 [INFO] PluginManager:220 - loadIPPluginJar : add ts
2024-11-12 02:37:52,897 [INFO] IPUIPlugin:80 - create IPUIPlugin
2024-11-12 02:37:52,897 [INFO] PluginManager:220 - loadIPPluginJar : add tsc
2024-11-12 02:37:52,903 [INFO] IPUIPlugin:80 - create IPUIPlugin
2024-11-12 02:37:52,903 [INFO] PluginManager:220 - loadIPPluginJar : add ucpd
2024-11-12 02:37:52,904 [INFO] IPUIPlugin:80 - create IPUIPlugin
2024-11-12 02:37:52,905 [INFO] PluginManager:220 - loadIPPluginJar : add usart
2024-11-12 02:37:52,907 [INFO] IPUIPlugin:80 - create IPUIPlugin
2024-11-12 02:37:52,907 [INFO] PluginManager:220 - loadIPPluginJar : add usbx
2024-11-12 02:37:53,157 [INFO] CADModel:165 - CPN selected for project level
2024-11-12 02:37:53,157 [INFO] CADModel:114 - Register for checkConnection events
2024-11-12 02:37:53,158 [FATAL] Updater:308 - Updater called before beeing initialized
2024-11-12 02:37:53,158 [ERROR] CADModel:125 - Updater not yet initialized, retry later 
2024-11-12 02:37:53,280 [INFO] CADModel:165 - CPN selected for project level
2024-11-12 02:37:53,280 [INFO] CADModel:114 - Register for checkConnection events
2024-11-12 02:37:53,280 [FATAL] Updater:308 - Updater called before beeing initialized
2024-11-12 02:37:53,280 [ERROR] CADModel:125 - Updater not yet initialized, retry later 
2024-11-12 02:37:53,282 [FATAL] Updater:308 - Updater called before beeing initialized
2024-11-12 02:37:53,573 [FATAL] Updater:308 - Updater called before beeing initialized
2024-11-12 02:37:53,579 [INFO] DbMcusAds:53 - JSON generation date=Fri Sep 20 10:04:38 BRT 2024 (1726837478367)
2024-11-12 02:37:53,580 [FATAL] Updater:308 - Updater called before beeing initialized
2024-11-12 02:37:53,643 [WARN] DetailPanel:346 - Failed to get advertising image, set to default
2024-11-12 02:37:53,766 [FATAL] Updater:308 - Updater called before beeing initialized
2024-11-12 02:37:53,767 [FATAL] Updater:308 - Updater called before beeing initialized
2024-11-12 02:37:53,768 [FATAL] Updater:308 - Updater called before beeing initialized
2024-11-12 02:37:53,768 [WARN] DetailPanel:346 - Failed to get advertising image, set to default
2024-11-12 02:37:53,768 [FATAL] Updater:308 - Updater called before beeing initialized
2024-11-12 02:37:53,827 [ERROR] Updater:1120 - MainUpdater not yet initialized. External WinMGr cannot be set.
2024-11-12 02:37:53,830 [INFO] Updater:1056 - Updater Version found : 6.10.0
2024-11-12 02:37:53,843 [INFO] ApplicationProperties:184 - Using Application install path: C:\ST\STM32CubeIDE_1.14.1\STM32CubeIDE\plugins\com.st.stm32cube.common.mx_6.10.0.202311202037
2024-11-12 02:37:54,746 [INFO] ThirdPartyUpdaterWithRetryManager:70 - Updater plugin not ready yet. [2/15]
2024-11-12 02:37:55,430 [ERROR] LogOutputStream:75 - [STDERR_REDIRECT] Nov 12, 2024 2:37:55 AM java.util.prefs.WindowsPreferences <init>
2024-11-12 02:37:55,432 [ERROR] LogOutputStream:75 - [STDERR_REDIRECT] WARNING: Could not open/create prefs root node Software\JavaSoft\Prefs at root 0xffffffff80000002. Windows RegCreateKeyEx(...) returned error code 5.
2024-11-12 02:37:55,433 [ERROR] LogOutputStream:75 - [STDERR_REDIRECT] 
2024-11-12 02:37:55,684 [INFO] MainUpdater:2873 - connection check result : 10
2024-11-12 02:37:55,685 [INFO] MainUpdater:290 - Updater Check For Update Now.
2024-11-12 02:37:55,685 [INFO] MicroXplorer:498 - Change Database Version : DB.6.0.100
2024-11-12 02:37:55,690 [INFO] McuFinderGlobals:63 - Set McuFinder mode to 2 (CubeIDE integrated)
2024-11-12 02:37:55,690 [INFO] UserAuth:180 - activating auth plugin
2024-11-12 02:37:55,693 [INFO] UserAuth:404 - Internet connection configuration mode: 1
2024-11-12 02:37:55,719 [INFO] JxBrowserEngine:152 - Initiate JxBrowser Engine with user profile folder
2024-11-12 02:37:55,850 [INFO] CheckServerUpdateThread:120 - End of CheckServer Thread
2024-11-12 02:37:56,867 [INFO] WebApp:161 - Instantiating new browser for Auth
2024-11-12 02:37:57,743 [INFO] WebApp:780 - Register for checkConnection events
2024-11-12 02:37:57,744 [INFO] WebApp:414 - Apply proxy settings
2024-11-12 02:37:57,744 [INFO] WebApp:499 - Chromium requires no authentication
2024-11-12 02:37:57,749 [INFO] WebApp:442 - Direct internet connection detected
2024-11-12 02:37:57,907 [INFO] WebApp:192 - Starting web application
2024-11-12 02:37:57,907 [INFO] WebApp:544 - Web application path used C:\ST\STM32CubeIDE_1.14.1\STM32CubeIDE\plugins\com.st.stm32cube.common.mx_6.10.0.202311202037\db\plugins\mcufinder\reactClient1\index.html
2024-11-12 02:37:58,190 [WARN] PackLoader:240 - Cannot read IP mode file for STMicroelectronics.FP-SNS-MOTENVWB1.1.4.0
2024-11-12 02:37:58,198 [WARN] PackLoader:240 - Cannot read IP mode file for STMicroelectronics.X-CUBE-SMBUS.2.1.0
2024-11-12 02:37:58,209 [WARN] PackLoader:240 - Cannot read IP mode file for STMicroelectronics.X-CUBE-WB05N.1.1.0
2024-11-12 02:37:58,252 [WARN] PackLoader:240 - Cannot read IP mode file for STMicroelectronics.X-CUBE-AZRTOS-F7.1.1.0
2024-11-12 02:37:58,311 [WARN] PackLoader:240 - Cannot read IP mode file for STMicroelectronics.X-CUBE-MEMS1.11.0.0
2024-11-12 02:37:58,403 [WARN] PackLoader:240 - Cannot read IP mode file for STMicroelectronics.FP-SNS-FLIGHT1.5.0.2
2024-11-12 02:37:58,409 [WARN] PackLoader:240 - Cannot read IP mode file for STMicroelectronics.X-CUBE-DISPLAY.3.0.0
2024-11-12 02:37:58,415 [WARN] PackLoader:240 - Cannot read IP mode file for STMicroelectronics.X-CUBE-BLE1.7.0.0
2024-11-12 02:37:58,425 [WARN] PackLoader:240 - Cannot read IP mode file for STMicroelectronics.X-CUBE-NFC10.1.0.0
2024-11-12 02:37:58,437 [WARN] PackLoader:240 - Cannot read IP mode file for emotas.I-CUBE-CANOPEN.1.3.0
2024-11-12 02:37:58,449 [WARN] PackLoader:240 - Cannot read IP mode file for STMicroelectronics.X-CUBE-BLEMGR.3.1.0
2024-11-12 02:37:58,459 [WARN] PackLoader:240 - Cannot read IP mode file for STMicroelectronics.FP-SNS-SMARTAG2.1.2.0
2024-11-12 02:37:58,467 [INFO] LogOutputStream:77 - [STDOUT_REDIRECT] 1 : Invalid condition id : UX_CORESTACK_Condition cause : null
2024-11-12 02:37:58,468 [INFO] LogOutputStream:77 - [STDOUT_REDIRECT] 1 : Invalid condition id : UX_CORESTACK_Condition cause : null
2024-11-12 02:37:58,468 [INFO] LogOutputStream:77 - [STDOUT_REDIRECT] 1 : Invalid condition id : UX_CORESTACK_Condition cause : null
2024-11-12 02:37:58,469 [INFO] LogOutputStream:77 - [STDOUT_REDIRECT] 1 : Invalid condition id : UX_CORESTACK_Condition cause : null
2024-11-12 02:37:58,470 [INFO] LogOutputStream:77 - [STDOUT_REDIRECT] 1 : Invalid condition id : UX_CORESTACK_Condition cause : null
2024-11-12 02:37:58,473 [WARN] PackLoader:240 - Cannot read IP mode file for STMicroelectronics.X-CUBE-AZRTOS-WL.2.0.0
2024-11-12 02:37:58,482 [WARN] PackLoader:240 - Cannot read IP mode file for STMicroelectronics.FP-SNS-MOTENV1.5.0.0
2024-11-12 02:37:58,491 [WARN] PackLoader:240 - Cannot read IP mode file for wolfSSL.I-CUBE-wolfMQTT.1.19.0
2024-11-12 02:37:58,505 [WARN] PackLoader:240 - Cannot read IP mode file for WES.I-CUBE-Cesium.1.3.0
2024-11-12 02:37:58,513 [WARN] PackLoader:240 - Cannot read IP mode file for STMicroelectronics.X-CUBE-BLE2.3.3.0
2024-11-12 02:37:58,520 [WARN] PackLoader:240 - Cannot read IP mode file for STMicroelectronics.X-CUBE-NFC9.1.0.0
2024-11-12 02:37:58,531 [WARN] PackLoader:240 - Cannot read IP mode file for STMicroelectronics.X-CUBE-TCPP.4.1.0
2024-11-12 02:37:58,544 [WARN] PackLoader:240 - Cannot read IP mode file for STMicroelectronics.X-CUBE-AZRTOS-G0.1.1.0
2024-11-12 02:37:58,552 [WARN] PackLoader:240 - Cannot read IP mode file for STMicroelectronics.X-CUBE-SAFEA1.1.2.2
2024-11-12 02:37:58,564 [WARN] PackLoader:240 - Cannot read IP mode file for STMicroelectronics.X-CUBE-NFC4.3.0.0
2024-11-12 02:37:58,573 [WARN] PackLoader:240 - Cannot read IP mode file for EmbeddedOffice.I-CUBE-FS-RTOS.1.0.1
2024-11-12 02:37:58,573 [ERROR] ConditionMgr:805 - Attr not supported : Dmpu
2024-11-12 02:37:58,573 [ERROR] ConditionMgr:805 - Attr not supported : Dmpu
2024-11-12 02:37:58,573 [ERROR] ConditionMgr:805 - Attr not supported : Dmpu
2024-11-12 02:37:58,573 [ERROR] ConditionMgr:805 - Attr not supported : Dmpu
2024-11-12 02:37:58,573 [ERROR] ConditionMgr:805 - Attr not supported : Dmpu
2024-11-12 02:37:58,573 [ERROR] ConditionMgr:805 - Attr not supported : Dmpu
2024-11-12 02:37:58,573 [ERROR] ConditionMgr:805 - Attr not supported : Dmpu
2024-11-12 02:37:58,573 [ERROR] ConditionMgr:805 - Attr not supported : Dmpu
2024-11-12 02:37:58,573 [ERROR] ConditionMgr:805 - Attr not supported : Dmpu
2024-11-12 02:37:58,573 [ERROR] ConditionMgr:805 - Attr not supported : Dmpu
2024-11-12 02:37:58,573 [ERROR] ConditionMgr:805 - Attr not supported : Dmpu
2024-11-12 02:37:58,574 [ERROR] ConditionMgr:805 - Attr not supported : Dmpu
2024-11-12 02:37:58,574 [ERROR] ConditionMgr:805 - Attr not supported : Dmpu
2024-11-12 02:37:58,574 [ERROR] ConditionMgr:805 - Attr not supported : Dmpu
2024-11-12 02:37:58,574 [ERROR] ConditionMgr:805 - Attr not supported : Dmpu
2024-11-12 02:37:58,574 [ERROR] ConditionMgr:805 - Attr not supported : Dmpu
2024-11-12 02:37:58,574 [ERROR] ConditionMgr:805 - Attr not supported : Dmpu
2024-11-12 02:37:58,574 [ERROR] ConditionMgr:805 - Attr not supported : Dmpu
2024-11-12 02:37:58,574 [ERROR] ConditionMgr:805 - Attr not supported : Dmpu
2024-11-12 02:37:58,574 [ERROR] ConditionMgr:805 - Attr not supported : Dmpu
2024-11-12 02:37:58,574 [ERROR] ConditionMgr:805 - Attr not supported : Dmpu
2024-11-12 02:37:58,574 [ERROR] ConditionMgr:805 - Attr not supported : Dmpu
2024-11-12 02:37:58,574 [ERROR] ConditionMgr:805 - Attr not supported : Dmpu
2024-11-12 02:37:58,574 [ERROR] ConditionMgr:805 - Attr not supported : Dmpu
2024-11-12 02:37:58,574 [ERROR] ConditionMgr:805 - Attr not supported : Dmpu
2024-11-12 02:37:58,574 [ERROR] ConditionMgr:805 - Attr not supported : Dmpu
2024-11-12 02:37:58,574 [ERROR] ConditionMgr:805 - Attr not supported : Dmpu
2024-11-12 02:37:58,574 [ERROR] ConditionMgr:805 - Attr not supported : Dmpu
2024-11-12 02:37:58,574 [ERROR] ConditionMgr:805 - Attr not supported : Dmpu
2024-11-12 02:37:58,574 [ERROR] ConditionMgr:805 - Attr not supported : Dmpu
2024-11-12 02:37:58,574 [ERROR] ConditionMgr:805 - Attr not supported : Dmpu
2024-11-12 02:37:58,574 [ERROR] ConditionMgr:805 - Attr not supported : Dmpu
2024-11-12 02:37:58,574 [ERROR] ConditionMgr:805 - Attr not supported : Dmpu
2024-11-12 02:37:58,575 [ERROR] ConditionMgr:805 - Attr not supported : Dmpu
2024-11-12 02:37:58,575 [ERROR] ConditionMgr:805 - Attr not supported : Dmpu
2024-11-12 02:37:58,575 [ERROR] ConditionMgr:805 - Attr not supported : Dmpu
2024-11-12 02:37:58,575 [ERROR] ConditionMgr:805 - Attr not supported : Dmpu
2024-11-12 02:37:58,575 [ERROR] ConditionMgr:805 - Attr not supported : Dmpu
2024-11-12 02:37:58,575 [ERROR] ConditionMgr:805 - Attr not supported : Dmpu
2024-11-12 02:37:58,575 [ERROR] ConditionMgr:805 - Attr not supported : Dmpu
2024-11-12 02:37:58,575 [ERROR] ConditionMgr:805 - Attr not supported : Dmpu
2024-11-12 02:37:58,575 [ERROR] ConditionMgr:805 - Attr not supported : Dmpu
2024-11-12 02:37:58,575 [ERROR] ConditionMgr:805 - Attr not supported : Dmpu
2024-11-12 02:37:58,575 [ERROR] ConditionMgr:805 - Attr not supported : Dmpu
2024-11-12 02:37:58,575 [ERROR] ConditionMgr:805 - Attr not supported : Dmpu
2024-11-12 02:37:58,575 [ERROR] ConditionMgr:805 - Attr not supported : Dmpu
2024-11-12 02:37:58,575 [ERROR] ConditionMgr:805 - Attr not supported : Dmpu
2024-11-12 02:37:58,576 [ERROR] ConditionMgr:805 - Attr not supported : Dmpu
2024-11-12 02:37:58,576 [ERROR] ConditionMgr:805 - Attr not supported : Dmpu
2024-11-12 02:37:58,576 [ERROR] ConditionMgr:805 - Attr not supported : Dmpu
2024-11-12 02:37:58,576 [ERROR] ConditionMgr:805 - Attr not supported : Dmpu
2024-11-12 02:37:58,576 [ERROR] ConditionMgr:805 - Attr not supported : Dmpu
2024-11-12 02:37:58,576 [ERROR] ConditionMgr:805 - Attr not supported : Dmpu
2024-11-12 02:37:58,576 [ERROR] ConditionMgr:805 - Attr not supported : Dmpu
2024-11-12 02:37:58,576 [ERROR] ConditionMgr:805 - Attr not supported : Dmpu
2024-11-12 02:37:58,576 [ERROR] ConditionMgr:805 - Attr not supported : Dmpu
2024-11-12 02:37:58,576 [ERROR] ConditionMgr:805 - Attr not supported : Dmpu
2024-11-12 02:37:58,576 [ERROR] ConditionMgr:805 - Attr not supported : Dmpu
2024-11-12 02:37:58,576 [ERROR] ConditionMgr:805 - Attr not supported : Dmpu
2024-11-12 02:37:58,576 [ERROR] ConditionMgr:805 - Attr not supported : Dmpu
2024-11-12 02:37:58,576 [ERROR] ConditionMgr:805 - Attr not supported : Dmpu
2024-11-12 02:37:58,576 [ERROR] ConditionMgr:805 - Attr not supported : Dmpu
2024-11-12 02:37:58,576 [ERROR] ConditionMgr:805 - Attr not supported : Dmpu
2024-11-12 02:37:58,576 [ERROR] ConditionMgr:805 - Attr not supported : Dmpu
2024-11-12 02:37:58,585 [WARN] PackLoader:240 - Cannot read IP mode file for RealThread.X-CUBE-RT-Thread_Nano.4.1.1
2024-11-12 02:37:58,592 [WARN] PackLoader:240 - Cannot read IP mode file for STMicroelectronics.FP-ATR-SIGFOX1.3.2.0
2024-11-12 02:37:58,601 [WARN] PackLoader:240 - Cannot read IP mode file for wolfSSL.I-CUBE-wolfSSL.5.7.2
2024-11-12 02:37:58,608 [WARN] PackLoader:240 - Cannot read IP mode file for STMicroelectronics.X-CUBE-EEPRMA1.5.1.0
2024-11-12 02:37:58,616 [WARN] PackLoader:240 - Cannot read IP mode file for ITTIA_DB.I-CUBE-ITTIADB.8.9.0
2024-11-12 02:37:58,638 [WARN] PackLoader:240 - Cannot read IP mode file for SEGGER.I-CUBE-embOS.1.3.1
2024-11-12 02:37:58,662 [WARN] PackLoader:240 - Cannot read IP mode file for STMicroelectronics.X-CUBE-ALGOBUILD.1.4.0
2024-11-12 02:37:58,672 [WARN] PackLoader:240 - Cannot read IP mode file for STMicroelectronics.X-CUBE-AI.9.1.0
2024-11-12 02:37:58,683 [WARN] PackLoader:240 - Cannot read IP mode file for STMicroelectronics.X-CUBE-AZRTOS-F4.1.1.0
2024-11-12 02:37:58,695 [WARN] PackLoader:240 - Cannot read IP mode file for STMicroelectronics.X-CUBE-ISPU.2.1.0
2024-11-12 02:37:58,705 [WARN] PackLoader:240 - Cannot read IP mode file for STMicroelectronics.X-CUBE-FREERTOS.1.2.0
2024-11-12 02:37:58,717 [WARN] PackLoader:240 - Cannot read IP mode file for STMicroelectronics.X-CUBE-AZRTOS-L5.2.0.0
2024-11-12 02:37:58,732 [WARN] PackLoader:240 - Cannot read IP mode file for STMicroelectronics.X-CUBE-NFC6.3.1.0
2024-11-12 02:37:58,739 [WARN] PackLoader:240 - Cannot read IP mode file for STMicroelectronics.X-CUBE-DPower.1.2.0
2024-11-12 02:37:58,746 [WARN] PackLoader:240 - Cannot read IP mode file for STMicroelectronics.X-CUBE-AI.9.0.0
2024-11-12 02:37:58,750 [WARN] PackLoader:240 - Cannot read IP mode file for STMicroelectronics.X-CUBE-NFC7.1.0.1
2024-11-12 02:37:58,760 [WARN] ConditionMgr:438 - getConditionDescription Invalid condition id : LAN8742 Phy interface Condition cause : null
2024-11-12 02:37:58,760 [WARN] PackLoader:240 - Cannot read IP mode file for STMicroelectronics.X-CUBE-AZRTOS-L4.2.0.0
2024-11-12 02:37:58,761 [WARN] ConditionMgr:1039 - genDependencies : Invalid condition id : LAN8742 Phy interface Condition cause : null
2024-11-12 02:37:58,761 [WARN] ConditionMgr:1039 - genDependencies : Invalid condition id : LAN8742 Phy interface Condition cause : null
2024-11-12 02:37:58,761 [WARN] ConditionMgr:1039 - genDependencies : Invalid condition id : LAN8742 Phy interface Condition cause : null
2024-11-12 02:37:58,766 [WARN] PackLoader:240 - Cannot read IP mode file for STMicroelectronics.X-CUBE-SFXS2LP1.4.0.0
2024-11-12 02:37:58,777 [WARN] PackLoader:240 - Cannot read IP mode file for STMicroelectronics.X-CUBE-AZRTOS-H7.3.3.0
2024-11-12 02:37:58,786 [WARN] PackLoader:240 - Cannot read IP mode file for STMicroelectronics.X-CUBE-IPS.3.0.0
2024-11-12 02:37:58,796 [WARN] ConditionMgr:438 - getConditionDescription Invalid condition id : UX DEVICE CLASS RTOS Condition cause : null
2024-11-12 02:37:58,796 [WARN] ConditionMgr:438 - getConditionDescription Invalid condition id : UX DEVICE CLASS RTOS Condition cause : null
2024-11-12 02:37:58,797 [WARN] PackLoader:240 - Cannot read IP mode file for STMicroelectronics.X-CUBE-AZRTOS-WB.2.0.0
2024-11-12 02:37:58,797 [WARN] ConditionMgr:1039 - genDependencies : Invalid condition id : UX DEVICE CLASS RTOS Condition cause : null
2024-11-12 02:37:58,798 [WARN] ConditionMgr:1039 - genDependencies : Invalid condition id : UX DEVICE CLASS RTOS Condition cause : null
2024-11-12 02:37:58,798 [WARN] ConditionMgr:1039 - genDependencies : Invalid condition id : UX DEVICE CLASS RTOS Condition cause : null
2024-11-12 02:37:58,798 [WARN] ConditionMgr:1039 - genDependencies : Invalid condition id : UX DEVICE CLASS RTOS Condition cause : null
2024-11-12 02:37:58,798 [WARN] ConditionMgr:1039 - genDependencies : Invalid condition id : UX DEVICE CLASS RTOS Condition cause : null
2024-11-12 02:37:58,804 [WARN] PackLoader:240 - Cannot read IP mode file for STMicroelectronics.X-CUBE-GNSS1.7.0.0
2024-11-12 02:37:58,810 [WARN] PackLoader:240 - Cannot read IP mode file for STMicroelectronics.FP-SNS-STBOX1.2.0.0
2024-11-12 02:37:58,822 [WARN] PackLoader:240 - Cannot read IP mode file for STMicroelectronics.X-CUBE-SUBG2.5.0.0
2024-11-12 02:37:58,833 [WARN] PackLoader:240 - Cannot read IP mode file for Cesanta.I-CUBE-Mongoose.7.13.0
2024-11-12 02:37:58,842 [WARN] PackLoader:240 - Cannot read IP mode file for STMicroelectronics.X-CUBE-AZRTOS-G4.2.0.0
2024-11-12 02:37:58,852 [WARN] PackLoader:240 - Cannot read IP mode file for STMicroelectronics.X-CUBE-ALS.1.0.2
2024-11-12 02:37:58,860 [WARN] PackLoader:240 - Cannot read IP mode file for STMicroelectronics.X-CUBE-TOUCHGFX.4.24.0
2024-11-12 02:37:58,867 [WARN] PackLoader:240 - Cannot read IP mode file for STMicroelectronics.X-CUBE-TOUCHGFX.4.24.1
2024-11-12 02:37:58,875 [WARN] PackLoader:240 - Cannot read IP mode file for wolfSSL.I-CUBE-wolfTPM.3.4.0
2024-11-12 02:37:58,881 [WARN] PackLoader:240 - Cannot read IP mode file for portGmbH.I-Cube-SoM-uGOAL.1.1.0
2024-11-12 02:37:58,890 [WARN] PackLoader:240 - Cannot read IP mode file for STMicroelectronics.X-CUBE-AZRTOS-H7RS.1.0.0
2024-11-12 02:37:58,895 [WARN] PackLoader:240 - Cannot read IP mode file for STMicroelectronics.FP-ATR-ASTRA1.2.0.0
2024-11-12 02:37:58,903 [WARN] PackLoader:240 - Cannot read IP mode file for STMicroelectronics.X-CUBE-TOF1.3.4.2
2024-11-12 02:37:58,919 [WARN] PackLoader:240 - Cannot read IP mode file for Infineon.AIROC-Wi-Fi-Bluetooth-STM32.1.6.1
2024-11-12 02:37:58,925 [WARN] PackLoader:240 - Cannot read IP mode file for wolfSSL.I-CUBE-wolfSSH.1.4.17
2024-11-12 02:37:58,926 [INFO] ThirdParty:978 - Integrity check success = true
2024-11-12 02:37:58,926 [INFO] IntegrityCheckThread:100 - exiting critical section [integrity check]
2024-11-12 02:37:58,926 [INFO] IntegrityCheckThread:103 - End integrity checks thread
2024-11-12 02:38:03,500 [INFO] McuFinderGlobals:63 - Set McuFinder mode to 2 (CubeIDE integrated)
2024-11-12 02:38:03,515 [INFO] MainUpdater:2873 - connection check result : 10
2024-11-12 02:38:03,518 [INFO] MainUpdater:2873 - connection check result : 10
2024-11-12 02:38:03,616 [INFO] MicroXplorer:468 - Change Database Path : 
2024-11-12 02:38:03,616 [INFO] MicroXplorer:498 - Change Database Version : DB.6.0.100
2024-11-12 02:38:03,619 [WARN] ThirdParty:871 - waiting for thirdparty lock release [close project]
2024-11-12 02:38:03,619 [INFO] ThirdParty:873 - entering critical section [close project]
2024-11-12 02:38:03,620 [INFO] ThirdParty:883 - exiting critical section [close project]
2024-11-12 02:38:03,621 [INFO] PinOutPanel:1499 - setPackage(No Configuration,No Configuration)
2024-11-12 02:38:03,622 [INFO] UtilMem:75 - Begin LoadConfig() Used Memory: 162826920 Bytes (271581184)
2024-11-12 02:38:03,624 [INFO] MicroXplorer:468 - Change Database Path : 
2024-11-12 02:38:03,624 [INFO] MicroXplorer:498 - Change Database Version : DB.6.0.100
2024-11-12 02:38:03,624 [INFO] OpenFileManager:312 - Change cursor
2024-11-12 02:38:03,657 [INFO] Mcu:2016 - Initializing MCU STM32G474R(B-C-E)Tx STM32G474RETx STM32G474RET6
2024-11-12 02:38:06,536 [INFO] Context:659 - Trying to add GPIOservice into a context  which must be forbidden
2024-11-12 02:38:07,827 [INFO] RtosManager:555 - Registered RTOS mode: class=CMSIS, group=RTOS, mode=CMSIS_V1, owner=FREERTOS
2024-11-12 02:38:07,828 [INFO] RtosManager:555 - Registered RTOS mode: class=CMSIS, group=RTOS2, mode=CMSIS_V2, owner=FREERTOS
2024-11-12 02:38:07,828 [INFO] RtosManager:555 - Registered RTOS mode: class=RTOS, group=Core, mode=CMSIS_V1, owner=FREERTOS
2024-11-12 02:38:07,828 [INFO] RtosManager:555 - Registered RTOS mode: class=RTOS, group=Core, mode=CMSIS_V2, owner=FREERTOS
2024-11-12 02:38:07,828 [WARN] ModelIntegratedComponent:184 - Missing modes for component STMicroelectronics:FreeRTOS:0.0.1:STMicroelectronics:RTOS:FreeRTOS:Core:::10.2.0:
2024-11-12 02:38:07,839 [WARN] ModelIntegratedComponent:63 - No mode defined for component null
2024-11-12 02:38:07,839 [WARN] ModelIntegratedComponent:63 - No mode defined for component null
2024-11-12 02:38:07,839 [WARN] ModelIntegratedComponent:63 - No mode defined for component null
2024-11-12 02:38:07,839 [WARN] ModelIntegratedComponent:63 - No mode defined for component null
2024-11-12 02:38:07,839 [WARN] ModelIntegratedComponent:63 - No mode defined for component null
2024-11-12 02:38:07,839 [WARN] ModelIntegratedComponent:63 - No mode defined for component null
2024-11-12 02:38:07,839 [WARN] ModelIntegratedComponent:63 - No mode defined for component null
2024-11-12 02:38:07,839 [WARN] ModelIntegratedComponent:63 - No mode defined for component null
2024-11-12 02:38:07,839 [WARN] ModelIntegratedComponent:63 - No mode defined for component null
2024-11-12 02:38:07,839 [WARN] ModelIntegratedComponent:63 - No mode defined for component null
2024-11-12 02:38:07,839 [WARN] ModelIntegratedComponent:63 - No mode defined for component null
2024-11-12 02:38:07,839 [WARN] ModelIntegratedComponent:63 - No mode defined for component null
2024-11-12 02:38:07,840 [WARN] ModelIntegratedComponent:63 - No mode defined for component null
2024-11-12 02:38:07,840 [WARN] ModelIntegratedComponent:63 - No mode defined for component null
2024-11-12 02:38:07,840 [WARN] ModelIntegratedComponent:63 - No mode defined for component null
2024-11-12 02:38:07,840 [WARN] ModelIntegratedComponent:63 - No mode defined for component null
2024-11-12 02:38:07,840 [WARN] ModelIntegratedComponent:63 - No mode defined for component null
2024-11-12 02:38:07,840 [WARN] ModelIntegratedComponent:63 - No mode defined for component null
2024-11-12 02:38:07,840 [WARN] ModelIntegratedComponent:63 - No mode defined for component null
2024-11-12 02:38:07,840 [WARN] ModelIntegratedComponent:63 - No mode defined for component null
2024-11-12 02:38:07,840 [WARN] ModelIntegratedComponent:63 - No mode defined for component null
2024-11-12 02:38:07,840 [WARN] ModelIntegratedComponent:63 - No mode defined for component null
2024-11-12 02:38:07,840 [WARN] ModelIntegratedComponent:63 - No mode defined for component null
2024-11-12 02:38:07,840 [WARN] ModelIntegratedComponent:63 - No mode defined for component null
2024-11-12 02:38:07,840 [WARN] ModelIntegratedComponent:63 - No mode defined for component null
2024-11-12 02:38:07,840 [WARN] ModelIntegratedComponent:63 - No mode defined for component null
2024-11-12 02:38:07,840 [WARN] ModelIntegratedComponent:63 - No mode defined for component null
2024-11-12 02:38:07,840 [WARN] ModelIntegratedComponent:63 - No mode defined for component null
2024-11-12 02:38:07,840 [WARN] ModelIntegratedComponent:63 - No mode defined for component null
2024-11-12 02:38:07,840 [WARN] ModelIntegratedComponent:63 - No mode defined for component null
2024-11-12 02:38:07,840 [WARN] ModelIntegratedComponent:63 - No mode defined for component null
2024-11-12 02:38:07,840 [WARN] ModelIntegratedComponent:63 - No mode defined for component null
2024-11-12 02:38:07,840 [WARN] ModelIntegratedComponent:63 - No mode defined for component null
2024-11-12 02:38:07,876 [INFO] ThirdPartyModel:298 - Start build external matchings
2024-11-12 02:38:08,047 [INFO] ThirdPartyModel:316 - End build external matchings
2024-11-12 02:38:08,057 [INFO] ImportTextPane:194 - (OptionalMessage_ERROR) IP (ADC1) : Parameter (CommonPathInternal) has invalid value (null|null|null|null)
2024-11-12 02:38:08,060 [INFO] ImportTextPane:194 - (OptionalMessage_ERROR) IP (RCC) : Invalid parameter (FamilyName)
2024-11-12 02:38:08,062 [INFO] ImportTextPane:194 - (OptionalMessage_ERROR) IP (RCC) : Parameter (RNGFreq_Value) has invalid value (170000000)
2024-11-12 02:38:08,062 [INFO] ImportTextPane:194 - (OptionalMessage_ERROR) IP (RCC) : Parameter (USBFreq_Value) has invalid value (170000000)
2024-11-12 02:38:08,352 [INFO] UtilMem:75 - End LoadConfig() Used Memory: 261195672 Bytes (584056832)
2024-11-12 02:38:08,559 [INFO] ApiDb:581 - Connected to CubeFinder SQLite database (C:\Users\gabriel.brunheira\.stmcufinder\plugins\mcufinder\mcu\cube-finder-db.db)
2024-11-12 02:38:08,619 [INFO] ApiDb:668 - CubeFinder database Data Model version=2.1
2024-11-12 02:38:08,619 [INFO] ApiDb:669 - CubeFinder database Configuration version=3.0.39
2024-11-12 02:38:08,619 [INFO] ApiDb:670 - CubeFinder database generation date=2024-10-15 (1729006872)
2024-11-12 02:38:08,619 [INFO] ApiDb:671 - CubeFinder database FW Pack versions=[FP-ATR-ASTRA1_V2.0.0, FP-SNS-FLIGHT1_V5.0.2, FP-SNS-MOTENV1_V5.0.0, FP-SNS-MOTENVWB1_V1.4.0, FP-SNS-SMARTAG2_V1.2.0, FP-SNS-STBOX1_V2.0.0, STM32Cube_FW_C0_V1.2.0, STM32Cube_FW_F4_V1.28.1, STM32Cube_FW_F7_V1.17.2, STM32Cube_FW_G0_V1.6.2, STM32Cube_FW_G4_V1.6.0, STM32Cube_FW_H5_V1.3.0, STM32Cube_FW_H7RS_V1.1.0, STM32Cube_FW_H7_V1.11.2, STM32Cube_FW_L0_V1.12.2, STM32Cube_FW_L5_V1.5.1, STM32Cube_FW_U0_V1.1.0, STM32Cube_FW_U5_V1.6.0, STM32Cube_FW_WB0_V1.0.0, STM32Cube_FW_WBA_V1.4.1, STM32Cube_FW_WB_V1.20.0, STM32Cube_FW_WL_V1.3.0, X-CUBE-ALGOBUILD_V1.4.0, X-CUBE-ALS_V1.0.2, X-CUBE-AZRTOS-F4_V1.1.0, X-CUBE-AZRTOS-F7_V1.1.0, X-CUBE-AZRTOS-G0_V1.1.0, X-CUBE-AZRTOS-G4_V2.0.0, X-CUBE-AZRTOS-H7RS_V1.0.0, X-CUBE-AZRTOS-H7_V3.3.0, X-CUBE-AZRTOS-L4_V2.0.0, X-CUBE-AZRTOS-L5_V2.0.0, X-CUBE-AZRTOS-WB_V2.0.0, X-CUBE-AZRTOS-WL_V2.0.0, X-CUBE-BLE1_V7.0.0, X-CUBE-BLE2_V3.3.0, X-CUBE-BLEMGR_V3.1.0, X-CUBE-EEPRMA1_V5.1.0, X-CUBE-FREERTOS_V1.2.0, X-CUBE-GNSS1_V6.0.0, X-CUBE-MEMS1_V11.0.0, X-CUBE-NFC4_V3.0.0, X-CUBE-NFC7_V1.0.1, X-CUBE-SFXS2LP1_V4.0.0, X-CUBE-SUBG2_V5.0.0, X-CUBE-TOF1_V3.4.2]
2024-11-12 02:38:10,063 [INFO] ApiDb:240 - Found 371 in-development CPN: [B-G473E-ZEST1S, B-WB1M-WPAN1, B-WL5M-SUBG1, NUCLEO-C031C6, NUCLEO-H503RB, NUCLEO-H563ZI, NUCLEO-U545RE-Q, NUCLEO-U5A5ZJ-Q, NUCLEO-WBA52CG, NUCLEO-WBA55CG, STEVAL-MKBOXPRO, STEVAL-PROTEUS1, STEVAL-STWINBX1, STM320518-EVAL, STM32C0116-DK, STM32C011D6Y3TR, STM32C011D6Y6TR, STM32C011F4P3, STM32C011F4P6, STM32C011F4U3, STM32C011F4U6TR, STM32C011F6P3, STM32C011F6P6, STM32C011F6U3, STM32C011F6U6TR, STM32C011J4M3, STM32C011J4M6, STM32C011J6M3, STM32C011J6M6, STM32C0316-DK, STM32C031C4T3, STM32C031C4T6, STM32C031C4U3, STM32C031C4U6, STM32C031C6T3, STM32C031C6T6, STM32C031C6U3, STM32C031C6U6, STM32C031F4P3, STM32C031F4P6, STM32C031F6P3, STM32C031F6P6, STM32C031G4U3, STM32C031G4U6, STM32C031G6U3, STM32C031G6U6, STM32C031K4T3, STM32C031K4T6, STM32C031K4U3, STM32C031K4U6, STM32C031K6T3, STM32C031K6T6, STM32C031K6U3, STM32C031K6U6, STM32G071K8TXN, STM32G071K8UXN, STM32G081GBU6N, STM32G081KBT6N, STM32G081KBUXN, STM32G0B1CCT6N, STM32G0B1KCT6, STM32G0B1NEY6TR, STM32G0B1RCT6N, STM32G0C1CCT6, STM32G0C1CCT6N, STM32G0C1CCU6N, STM32G0C1CET6N, STM32G0C1CEU6N, STM32G0C1KCT6, STM32G0C1NEY6TR, STM32G0C1RCI6N, STM32G0C1RCT6N, STM32G0C1REI6N, STM32G0C1RET6N, STM32G0C1VCI6, STM32G0C1VEI6, STM32G471CCT6, STM32G471CCU6, STM32G471CET3, STM32G471CET6, STM32G471CEU3, STM32G471CEU6, STM32G471MCT6, STM32G471MET3, STM32G471MET6, STM32G471MEY6TR, STM32G471QCT6, STM32G471QET3, STM32G471RCT6, STM32G471RET3, STM32G471RET6, STM32G471VCH6, STM32G471VCI6, STM32G471VCT6, STM32G471VEH3, STM32G471VEH6, STM32G471VEI3, STM32G471VEI6, STM32G471VET3, STM32G471VET6, STM32G474CCT6, STM32H503CBT6, STM32H503CBU6, STM32H503EBY6TR, STM32H503KBU6, STM32H503RBT6, STM32H562AGI6, STM32H562AII6, STM32H562IGK6, STM32H562IGT6, STM32H562IIK6, STM32H562IIT6, STM32H562RGT6, STM32H562RGV6, STM32H562RIT6, STM32H562RIV6, STM32H562VGT6, STM32H562VIT6, STM32H562ZGT6, STM32H562ZIT6, STM32H563AGI6, STM32H563AII3Q, STM32H563AII6, STM32H563IGK6, STM32H563IGT6, STM32H563IIK3Q, STM32H563IIK6, STM32H563IIT3Q, STM32H563IIT6, STM32H563MIY3QTR, STM32H563RGT6, STM32H563RGV6, STM32H563RIT6, STM32H563RIV6, STM32H563VGT6, STM32H563VIT3Q, STM32H563VIT6, STM32H563ZGT6, STM32H563ZIT3Q, STM32H563ZIT6, STM32H573AII3Q, STM32H573AII6, STM32H573I-DK, STM32H573IIK3Q, STM32H573IIK6, STM32H573IIT3Q, STM32H573IIT6, STM32H573MIY3QTR, STM32H573RIT6, STM32H573RIV6, STM32H573VIT3Q, STM32H573VIT6, STM32H573ZIT3Q, STM32H573ZIT6, STM32L4R5QGI6STR, STM32MP131AAE3, STM32MP131AAF3, STM32MP131AAG3, STM32MP131CAE3, STM32MP131CAF3, STM32MP131CAG3, STM32MP131DAE7, STM32MP131DAF7, STM32MP131DAG7, STM32MP131FAE7, STM32MP131FAF7, STM32MP131FAG7, STM32MP133AAE3, STM32MP133AAF3, STM32MP133AAG3, STM32MP133CAE3, STM32MP133CAF3, STM32MP133CAG3, STM32MP133DAE7, STM32MP133DAF7, STM32MP133DAG7, STM32MP133FAE7, STM32MP133FAF7, STM32MP133FAG7, STM32MP135AAE3, STM32MP135AAF3, STM32MP135AAG3, STM32MP135CAE3, STM32MP135CAF3, STM32MP135CAG3, STM32MP135DAE7, STM32MP135DAF7, STM32MP135DAG7, STM32MP135F-DK, STM32MP135FAE7, STM32MP135FAF7, STM32MP135FAF7T, STM32MP135FAF7U, STM32MP135FAG7, STM32U535CBT6, STM32U535CBT6Q, STM32U535CBU6, STM32U535CBU6Q, STM32U535CCT6, STM32U535CCT6Q, STM32U535CCU6, STM32U535CCU6Q, STM32U535CET6, STM32U535CET6Q, STM32U535CEU6, STM32U535CEU6Q, STM32U535JEY6QTR, STM32U535NCY6QTR, STM32U535NEY6QTR, STM32U535RBI6, STM32U535RBI6Q, STM32U535RBT6, STM32U535RBT6Q, STM32U535RCI6, STM32U535RCI6Q, STM32U535RCT6, STM32U535RCT6Q, STM32U535REI6, STM32U535REI6Q, STM32U535RET6, STM32U535RET6Q, STM32U535VCI6, STM32U535VCI6Q, STM32U535VCT6, STM32U535VCT6Q, STM32U535VEI6, STM32U535VEI6Q, STM32U535VET6, STM32U535VET6Q, STM32U545CET6, STM32U545CET6Q, STM32U545CEU6, STM32U545CEU6Q, STM32U545JEY6QTR, STM32U545NEY6QTR, STM32U545REI6, STM32U545REI6Q, STM32U545RET6, STM32U545RET6Q, STM32U545VEI6, STM32U545VEI6Q, STM32U545VET6, STM32U545VET6Q, STM32U595AIH6, STM32U595AIH6Q, STM32U595AJH6, STM32U595AJH6Q, STM32U595QII6, STM32U595QII6Q, STM32U595QJI6, STM32U595QJI6Q, STM32U595RIT6, STM32U595RIT6Q, STM32U595RJT6, STM32U595RJT6Q, STM32U595VIT6, STM32U595VIT6Q, STM32U595VJT6, STM32U595VJT6Q, STM32U595ZIT6, STM32U595ZIT6Q, STM32U595ZIY6QTR, STM32U595ZJT6, STM32U595ZJT6Q, STM32U595ZJY6QTR, STM32U599BJY6QTR, STM32U599NIH6Q, STM32U599NJH6Q, STM32U599VIT6Q, STM32U599VJT6, STM32U599VJT6Q, STM32U599ZIT6Q, STM32U599ZIY6QTR, STM32U599ZJT6Q, STM32U599ZJY6QTR, STM32U5A5AJH6, STM32U5A5AJH6Q, STM32U5A5QJI6, STM32U5A5QJI6Q, STM32U5A5RJT6, STM32U5A5RJT6Q, STM32U5A5VJT6, STM32U5A5VJT6Q, STM32U5A5ZJT6, STM32U5A5ZJT6Q, STM32U5A5ZJY6QTR, STM32U5A9BJY6QTR, STM32U5A9J-DK, STM32U5A9NJH6Q, STM32U5A9VJT6Q, STM32U5A9ZJT6Q, STM32U5A9ZJY6QTR, STM32U5F7VIT6, STM32U5F7VIT6Q, STM32U5F7VJT6, STM32U5F7VJT6Q, STM32U5F9BJY6QTR, STM32U5F9NJH6Q, STM32U5F9VIT6Q, STM32U5F9VJT6Q, STM32U5F9ZIJ6QTR, STM32U5F9ZIT6Q, STM32U5F9ZJJ6QTR, STM32U5F9ZJT6Q, STM32U5G7VJT6, STM32U5G7VJT6Q, STM32U5G9BJY6QTR, STM32U5G9J-DK1, STM32U5G9J-DK2, STM32U5G9NJH6Q, STM32U5G9VJT6Q, STM32U5G9ZJJ6QTR, STM32U5G9ZJT6Q, STM32WB1MMCH6, STM32WBA50KEU6, STM32WBA50KEU6TR, STM32WBA50KGU6, STM32WBA50KGU6TR, STM32WBA52CEU6, STM32WBA52CEU6TR, STM32WBA52CEU7, STM32WBA52CEU7TR, STM32WBA52CGU6, STM32WBA52CGU6TR, STM32WBA52CGU6U, STM32WBA52CGU7, STM32WBA52CGU7TR, STM32WBA52KEU6, STM32WBA52KEU6TR, STM32WBA52KGU6, STM32WBA52KGU6TR, STM32WBA54CEU6, STM32WBA54CEU6TR, STM32WBA54CEU7, STM32WBA54CEU7TR, STM32WBA54CGU6, STM32WBA54CGU6TR, STM32WBA54CGU7, STM32WBA54CGU7TR, STM32WBA54KEU6, STM32WBA54KEU6TR, STM32WBA54KEU7, STM32WBA54KEU7TR, STM32WBA54KGU6, STM32WBA54KGU6TR, STM32WBA54KGU7, STM32WBA54KGU7TR, STM32WBA55CEU6, STM32WBA55CEU6TR, STM32WBA55CEU7, STM32WBA55CEU7TR, STM32WBA55CGU6, STM32WBA55CGU6TR, STM32WBA55CGU6U, STM32WBA55CGU7, STM32WBA55CGU7TR, STM32WBA55G-DK1, STM32WBA55HEF6, STM32WBA55HEF7, STM32WBA55HGF6, STM32WBA55HGF7, STM32WBA55UEI6, STM32WBA55UEI6TR, STM32WBA55UEI7, STM32WBA55UEI7TR, STM32WBA55UGI6, STM32WBA55UGI6TR, STM32WBA55UGI7, STM32WBA55UGI7TR, STM32WL5MOCH6, STM32WL5MOCH6TR]
2024-11-12 02:38:10,065 [INFO] DbMcus:218 - Found 4204 MCUs, 4204 are supported
2024-11-12 02:38:10,067 [INFO] ApiDb:423 - Load user favorites file C:\Users\gabriel.brunheira/.stm32cubeide/favorites.mcus.txt: 0 item(s)
2024-11-12 02:38:10,067 [INFO] ApiDb:427 - User favorites MCUs=[]
2024-11-12 02:38:10,067 [INFO] DbMcus:224 - Set 0 / 0 favorites MCUs
2024-11-12 02:38:10,330 [INFO] MicroXplorer:468 - Change Database Path : 
2024-11-12 02:38:10,330 [INFO] MicroXplorer:498 - Change Database Version : DB.6.0.100
2024-11-12 02:38:10,332 [WARN] ThirdParty:833 - waiting for thirdparty lock release [change project]
2024-11-12 02:38:10,332 [INFO] ThirdParty:835 - entering critical section [change project]
2024-11-12 02:38:10,332 [INFO] ThirdParty:1030 - CMSIS Pack Vendor :STMicroelectronics USBPD 4.1
2024-11-12 02:38:10,332 [INFO] ThirdParty:1030 - CMSIS Pack Vendor :STMicroelectronics X-CUBE-AZRTOS-H7 3.3.0
2024-11-12 02:38:10,332 [INFO] ThirdParty:1030 - CMSIS Pack Vendor :STMicroelectronics X-CUBE-NFC9 1.0.0
2024-11-12 02:38:10,332 [INFO] ThirdParty:1030 - CMSIS Pack Vendor :STMicroelectronics USB_HOST 2.0.0
2024-11-12 02:38:10,332 [INFO] ThirdParty:1030 - CMSIS Pack Vendor :STMicroelectronics FP-SNS-MOTENVWB1 1.4.0
2024-11-12 02:38:10,332 [INFO] ThirdParty:1030 - CMSIS Pack Vendor :STMicroelectronics X-CUBE-AZRTOS-F4 1.1.0
2024-11-12 02:38:10,332 [INFO] ThirdParty:1030 - CMSIS Pack Vendor :STMicroelectronics LIBJPEG 8.0.0
2024-11-12 02:38:10,332 [INFO] ThirdParty:1030 - CMSIS Pack Vendor :STMicroelectronics X-CUBE-SMBUS 2.1.0
2024-11-12 02:38:10,332 [INFO] ThirdParty:1030 - CMSIS Pack Vendor :STMicroelectronics X-CUBE-WB05N 1.1.0
2024-11-12 02:38:10,332 [INFO] ThirdParty:1030 - CMSIS Pack Vendor :STMicroelectronics USB_DEVICE 3.0.0
2024-11-12 02:38:10,332 [INFO] ThirdParty:1030 - CMSIS Pack Vendor :STMicroelectronics X-CUBE-TCPP 4.1.0
2024-11-12 02:38:10,332 [INFO] ThirdParty:1030 - CMSIS Pack Vendor :STMicroelectronics X-CUBE-ISPU 2.1.0
2024-11-12 02:38:10,332 [INFO] ThirdParty:1030 - CMSIS Pack Vendor :STMicroelectronics X-CUBE-FREERTOS 1.2.0
2024-11-12 02:38:10,332 [INFO] ThirdParty:1030 - CMSIS Pack Vendor :STMicroelectronics X-CUBE-IPS 3.0.0
2024-11-12 02:38:10,332 [INFO] ThirdParty:1030 - CMSIS Pack Vendor :STMicroelectronics X-CUBE-AZRTOS-WB 2.0.0
2024-11-12 02:38:10,332 [INFO] ThirdParty:1030 - CMSIS Pack Vendor :STMicroelectronics X-CUBE-GNSS1 7.0.0
2024-11-12 02:38:10,332 [INFO] ThirdParty:1030 - CMSIS Pack Vendor :STMicroelectronics X-CUBE-AZRTOS-F7 1.1.0
2024-11-12 02:38:10,332 [INFO] ThirdParty:1030 - CMSIS Pack Vendor :STMicroelectronics X-CUBE-AZRTOS-L5 2.0.0
2024-11-12 02:38:10,332 [INFO] ThirdParty:1030 - CMSIS Pack Vendor :STMicroelectronics USB_DEVICE 2.0.0
2024-11-12 02:38:10,332 [INFO] ThirdParty:1030 - CMSIS Pack Vendor :STMicroelectronics X-CUBE-NFC6 3.1.0
2024-11-12 02:38:10,332 [INFO] ThirdParty:1030 - CMSIS Pack Vendor :STMicroelectronics FP-SNS-STBOX1 2.0.0
2024-11-12 02:38:10,332 [INFO] ThirdParty:1030 - CMSIS Pack Vendor :STMicroelectronics X-CUBE-MEMS1 11.0.0
2024-11-12 02:38:10,332 [INFO] ThirdParty:1030 - CMSIS Pack Vendor :STMicroelectronics FreeRTOS 0.0.1
2024-11-12 02:38:10,332 [INFO] ThirdParty:1030 - CMSIS Pack Vendor :STMicroelectronics X-CUBE-AZRTOS-G0 1.1.0
2024-11-12 02:38:10,332 [INFO] ThirdParty:1030 - CMSIS Pack Vendor :STMicroelectronics X-CUBE-SAFEA1 1.2.2
2024-11-12 02:38:10,332 [INFO] ThirdParty:1030 - CMSIS Pack Vendor :STMicroelectronics X-CUBE-NFC4 3.0.0
2024-11-12 02:38:10,332 [INFO] ThirdParty:1030 - CMSIS Pack Vendor :STMicroelectronics X-CUBE-DPower 1.2.0
2024-11-12 02:38:10,332 [INFO] ThirdParty:1030 - CMSIS Pack Vendor :STMicroelectronics X-CUBE-SUBG2 5.0.0
2024-11-12 02:38:10,332 [INFO] ThirdParty:1030 - CMSIS Pack Vendor :STMicroelectronics STM32_WPAN 1.0.0
2024-11-12 02:38:10,332 [INFO] ThirdParty:1030 - CMSIS Pack Vendor :EmbeddedOffice I-CUBE-FS-RTOS 1.0.1
2024-11-12 02:38:10,332 [INFO] ThirdParty:1030 - CMSIS Pack Vendor :STMicroelectronics lwIP 2.0.3
2024-11-12 02:38:10,332 [INFO] ThirdParty:1030 - CMSIS Pack Vendor :STMicroelectronics FP-SNS-FLIGHT1 5.0.2
2024-11-12 02:38:10,332 [INFO] ThirdParty:1030 - CMSIS Pack Vendor :Cesanta I-CUBE-Mongoose 7.13.0
2024-11-12 02:38:10,332 [INFO] ThirdParty:1030 - CMSIS Pack Vendor :STMicroelectronics USB_HOST 1.0.0
2024-11-12 02:38:10,332 [INFO] ThirdParty:1030 - CMSIS Pack Vendor :STMicroelectronics X-CUBE-AI 9.0.0
2024-11-12 02:38:10,332 [INFO] ThirdParty:1030 - CMSIS Pack Vendor :STMicroelectronics X-CUBE-AZRTOS-G4 2.0.0
2024-11-12 02:38:10,332 [INFO] ThirdParty:1030 - CMSIS Pack Vendor :STMicroelectronics PDM2PCM 3.1.0
2024-11-12 02:38:10,332 [INFO] ThirdParty:1030 - CMSIS Pack Vendor :STMicroelectronics PDM2PCM 3.3.0
2024-11-12 02:38:10,332 [INFO] ThirdParty:1030 - CMSIS Pack Vendor :STMicroelectronics X-CUBE-DISPLAY 3.0.0
2024-11-12 02:38:10,332 [INFO] ThirdParty:1030 - CMSIS Pack Vendor :RealThread X-CUBE-RT-Thread_Nano 4.1.1
2024-11-12 02:38:10,332 [INFO] ThirdParty:1030 - CMSIS Pack Vendor :STMicroelectronics X-CUBE-BLE1 7.0.0
2024-11-12 02:38:10,332 [INFO] ThirdParty:1030 - CMSIS Pack Vendor :STMicroelectronics FP-ATR-SIGFOX1 3.2.0
2024-11-12 02:38:10,332 [INFO] ThirdParty:1030 - CMSIS Pack Vendor :STMicroelectronics X-CUBE-NFC10 1.0.0
2024-11-12 02:38:10,333 [INFO] ThirdParty:1030 - CMSIS Pack Vendor :wolfSSL I-CUBE-wolfSSL 5.7.2
2024-11-12 02:38:10,333 [INFO] ThirdParty:1030 - CMSIS Pack Vendor :STMicroelectronics X-CUBE-EEPRMA1 5.1.0
2024-11-12 02:38:10,333 [INFO] ThirdParty:1030 - CMSIS Pack Vendor :STMicroelectronics HAL Drivers 0.0.0
2024-11-12 02:38:10,333 [INFO] ThirdParty:1030 - CMSIS Pack Vendor :STMicroelectronics MBEDTLS 2.16.2
2024-11-12 02:38:10,333 [INFO] ThirdParty:1030 - CMSIS Pack Vendor :STMicroelectronics X-CUBE-ALS 1.0.2
2024-11-12 02:38:10,333 [INFO] ThirdParty:1030 - CMSIS Pack Vendor :emotas I-CUBE-CANOPEN 1.3.0
2024-11-12 02:38:10,333 [INFO] ThirdParty:1030 - CMSIS Pack Vendor :STMicroelectronics X-CUBE-NFC7 1.0.1
2024-11-12 02:38:10,333 [INFO] ThirdParty:1030 - CMSIS Pack Vendor :STMicroelectronics MBEDTLS 2.14.1
2024-11-12 02:38:10,333 [INFO] ThirdParty:1030 - CMSIS Pack Vendor :STMicroelectronics X-CUBE-TOUCHGFX 4.24.0
2024-11-12 02:38:10,333 [INFO] ThirdParty:1030 - CMSIS Pack Vendor :ITTIA_DB I-CUBE-ITTIADB 8.9.0
2024-11-12 02:38:10,333 [INFO] ThirdParty:1030 - CMSIS Pack Vendor :STMicroelectronics X-CUBE-TOUCHGFX 4.24.1
2024-11-12 02:38:10,333 [INFO] ThirdParty:1030 - CMSIS Pack Vendor :wolfSSL I-CUBE-wolfTPM 3.4.0
2024-11-12 02:38:10,333 [INFO] ThirdParty:1030 - CMSIS Pack Vendor :portGmbH I-Cube-SoM-uGOAL 1.1.0
2024-11-12 02:38:10,333 [INFO] ThirdParty:1030 - CMSIS Pack Vendor :STMicroelectronics X-CUBE-BLEMGR 3.1.0
2024-11-12 02:38:10,333 [INFO] ThirdParty:1030 - CMSIS Pack Vendor :STMicroelectronics ThreadX 1.0.0
2024-11-12 02:38:10,333 [INFO] ThirdParty:1030 - CMSIS Pack Vendor :STMicroelectronics FP-SNS-SMARTAG2 1.2.0
2024-11-12 02:38:10,333 [INFO] ThirdParty:1030 - CMSIS Pack Vendor :STMicroelectronics X-CUBE-AZRTOS-WL 2.0.0
2024-11-12 02:38:10,333 [INFO] ThirdParty:1030 - CMSIS Pack Vendor :SEGGER I-CUBE-embOS 1.3.1
2024-11-12 02:38:10,333 [INFO] ThirdParty:1030 - CMSIS Pack Vendor :STMicroelectronics X-CUBE-ALGOBUILD 1.4.0
2024-11-12 02:38:10,333 [INFO] ThirdParty:1030 - CMSIS Pack Vendor :STMicroelectronics FP-SNS-MOTENV1 5.0.0
2024-11-12 02:38:10,333 [INFO] ThirdParty:1030 - CMSIS Pack Vendor :STMicroelectronics USB_DEVICE 1.0.0
2024-11-12 02:38:10,333 [INFO] ThirdParty:1030 - CMSIS Pack Vendor :STMicroelectronics X-CUBE-AZRTOS-H7RS 1.0.0
2024-11-12 02:38:10,333 [INFO] ThirdParty:1030 - CMSIS Pack Vendor :wolfSSL I-CUBE-wolfMQTT 1.19.0
2024-11-12 02:38:10,333 [INFO] ThirdParty:1030 - CMSIS Pack Vendor :STMicroelectronics X-CUBE-AZRTOS-L4 2.0.0
2024-11-12 02:38:10,333 [INFO] ThirdParty:1030 - CMSIS Pack Vendor :STMicroelectronics ThreadX 0.0.2
2024-11-12 02:38:10,333 [INFO] ThirdParty:1030 - CMSIS Pack Vendor :WES I-CUBE-Cesium 1.3.0
2024-11-12 02:38:10,333 [INFO] ThirdParty:1030 - CMSIS Pack Vendor :STMicroelectronics FP-ATR-ASTRA1 2.0.0
2024-11-12 02:38:10,333 [INFO] ThirdParty:1030 - CMSIS Pack Vendor :STMicroelectronics lwIP 2.1.2
2024-11-12 02:38:10,333 [INFO] ThirdParty:1030 - CMSIS Pack Vendor :STMicroelectronics X-CUBE-SFXS2LP1 4.0.0
2024-11-12 02:38:10,333 [INFO] ThirdParty:1030 - CMSIS Pack Vendor :STMicroelectronics X-CUBE-BLE2 3.3.0
2024-11-12 02:38:10,333 [INFO] ThirdParty:1030 - CMSIS Pack Vendor :STMicroelectronics X-CUBE-TOF1 3.4.2
2024-11-12 02:38:10,333 [INFO] ThirdParty:1030 - CMSIS Pack Vendor :STMicroelectronics X-CUBE-AI 9.1.0
2024-11-12 02:38:10,333 [INFO] ThirdParty:1030 - CMSIS Pack Vendor :Infineon AIROC-Wi-Fi-Bluetooth-STM32 1.6.1
2024-11-12 02:38:10,333 [INFO] ThirdParty:1030 - CMSIS Pack Vendor :STMicroelectronics PDM2PCM 3.2.0
2024-11-12 02:38:10,333 [INFO] ThirdParty:1030 - CMSIS Pack Vendor :wolfSSL I-CUBE-wolfSSH 1.4.17
2024-11-12 02:38:10,333 [INFO] ThirdParty:841 - exiting critical section [change project]
2024-11-12 02:38:10,728 [INFO] PinOutPanel:1499 - setPackage(No Configuration,No Configuration)
2024-11-12 02:38:10,729 [INFO] PinOutPanel:1499 - setPackage(STM32G474RETx,LQFP64)
2024-11-12 02:38:11,135 [INFO] UtilMem:75 - Before build in PCC Used Memory: 311603288 Bytes (584056832)
2024-11-12 02:38:12,133 [INFO] UtilMem:75 - After build in PCC Used Memory: 458367568 Bytes (584056832)
2024-11-12 02:38:12,172 [INFO] IPUIPlugin:80 - create IPUIPlugin
2024-11-12 02:38:12,172 [INFO] IPUIPlugin:80 - create IPUIPlugin
2024-11-12 02:38:12,172 [INFO] IPUIPlugin:80 - create IPUIPlugin
2024-11-12 02:38:12,172 [INFO] IPUIPlugin:80 - create IPUIPlugin
2024-11-12 02:38:12,172 [INFO] IPUIPlugin:80 - create IPUIPlugin
2024-11-12 02:38:12,172 [INFO] IPUIPlugin:80 - create IPUIPlugin
2024-11-12 02:38:12,172 [INFO] IPUIPlugin:80 - create IPUIPlugin
2024-11-12 02:38:12,172 [INFO] IPUIPlugin:80 - create IPUIPlugin
2024-11-12 02:38:12,172 [INFO] IPUIPlugin:80 - create IPUIPlugin
2024-11-12 02:38:12,172 [INFO] IPUIPlugin:80 - create IPUIPlugin
2024-11-12 02:38:12,172 [INFO] IPUIPlugin:80 - create IPUIPlugin
2024-11-12 02:38:12,172 [INFO] IPUIPlugin:80 - create IPUIPlugin
2024-11-12 02:38:12,172 [INFO] IPUIPlugin:80 - create IPUIPlugin
2024-11-12 02:38:12,173 [INFO] IPUIPlugin:80 - create IPUIPlugin
2024-11-12 02:38:12,173 [INFO] IPUIPlugin:80 - create IPUIPlugin
2024-11-12 02:38:12,173 [INFO] IPUIPlugin:80 - create IPUIPlugin
2024-11-12 02:38:12,173 [INFO] IPUIPlugin:80 - create IPUIPlugin
2024-11-12 02:38:12,173 [INFO] IPUIPlugin:80 - create IPUIPlugin
2024-11-12 02:38:12,174 [INFO] IPUIPlugin:80 - create IPUIPlugin
2024-11-12 02:38:12,174 [INFO] IPUIPlugin:80 - create IPUIPlugin
2024-11-12 02:38:12,174 [INFO] IPUIPlugin:80 - create IPUIPlugin
2024-11-12 02:38:12,174 [INFO] IPUIPlugin:80 - create IPUIPlugin
2024-11-12 02:38:12,174 [INFO] IPUIPlugin:80 - create IPUIPlugin
2024-11-12 02:38:12,174 [INFO] IPUIPlugin:80 - create IPUIPlugin
2024-11-12 02:38:12,175 [INFO] IPUIPlugin:80 - create IPUIPlugin
2024-11-12 02:38:12,175 [INFO] IPUIPlugin:80 - create IPUIPlugin
2024-11-12 02:38:12,175 [INFO] IPUIPlugin:80 - create IPUIPlugin
2024-11-12 02:38:12,176 [INFO] IPUIPlugin:80 - create IPUIPlugin
2024-11-12 02:38:12,176 [INFO] IPUIPlugin:80 - create IPUIPlugin
2024-11-12 02:38:12,176 [INFO] IPUIPlugin:80 - create IPUIPlugin
2024-11-12 02:38:12,176 [INFO] IPUIPlugin:80 - create IPUIPlugin
2024-11-12 02:38:12,176 [INFO] IPUIPlugin:80 - create IPUIPlugin
2024-11-12 02:38:12,177 [INFO] IPUIPlugin:80 - create IPUIPlugin
2024-11-12 02:38:12,177 [INFO] IPUIPlugin:80 - create IPUIPlugin
2024-11-12 02:38:12,177 [INFO] IPUIPlugin:80 - create IPUIPlugin
2024-11-12 02:38:12,177 [INFO] IPUIPlugin:80 - create IPUIPlugin
2024-11-12 02:38:12,177 [INFO] IPUIPlugin:80 - create IPUIPlugin
2024-11-12 02:38:12,178 [INFO] IPUIPlugin:80 - create IPUIPlugin
2024-11-12 02:38:12,178 [INFO] IPUIPlugin:80 - create IPUIPlugin
2024-11-12 02:38:12,178 [INFO] IPUIPlugin:80 - create IPUIPlugin
2024-11-12 02:38:12,178 [INFO] IPUIPlugin:80 - create IPUIPlugin
2024-11-12 02:38:12,179 [INFO] IPUIPlugin:80 - create IPUIPlugin
2024-11-12 02:38:12,179 [INFO] IPUIPlugin:80 - create IPUIPlugin
2024-11-12 02:38:12,179 [INFO] IPUIPlugin:80 - create IPUIPlugin
2024-11-12 02:38:12,179 [INFO] IPUIPlugin:80 - create IPUIPlugin
2024-11-12 02:38:12,179 [INFO] IPUIPlugin:80 - create IPUIPlugin
2024-11-12 02:38:12,179 [INFO] IPUIPlugin:80 - create IPUIPlugin
2024-11-12 02:38:12,180 [INFO] IPUIPlugin:80 - create IPUIPlugin
2024-11-12 02:38:12,180 [INFO] IPUIPlugin:80 - create IPUIPlugin
2024-11-12 02:38:12,180 [INFO] IPUIPlugin:80 - create IPUIPlugin
2024-11-12 02:38:12,180 [INFO] IPUIPlugin:80 - create IPUIPlugin
2024-11-12 02:38:12,181 [INFO] IPUIPlugin:80 - create IPUIPlugin
2024-11-12 02:38:12,181 [INFO] IPUIPlugin:80 - create IPUIPlugin
2024-11-12 02:38:12,181 [INFO] IPUIPlugin:80 - create IPUIPlugin
2024-11-12 02:38:12,181 [INFO] IPUIPlugin:80 - create IPUIPlugin
2024-11-12 02:38:12,182 [INFO] IPUIPlugin:80 - create IPUIPlugin
2024-11-12 02:38:12,182 [INFO] IPUIPlugin:80 - create IPUIPlugin
2024-11-12 02:38:12,182 [INFO] IPUIPlugin:80 - create IPUIPlugin
2024-11-12 02:38:12,182 [INFO] IPUIPlugin:80 - create IPUIPlugin
2024-11-12 02:38:12,182 [INFO] IPUIPlugin:80 - create IPUIPlugin
2024-11-12 02:38:12,183 [INFO] IPUIPlugin:80 - create IPUIPlugin
2024-11-12 02:38:12,183 [INFO] IPUIPlugin:80 - create IPUIPlugin
2024-11-12 02:38:12,183 [INFO] IPUIPlugin:80 - create IPUIPlugin
2024-11-12 02:38:12,183 [INFO] IPUIPlugin:80 - create IPUIPlugin
2024-11-12 02:38:12,183 [INFO] IPUIPlugin:80 - create IPUIPlugin
2024-11-12 02:38:12,183 [INFO] IPUIPlugin:80 - create IPUIPlugin
2024-11-12 02:38:12,184 [INFO] IPUIPlugin:80 - create IPUIPlugin
2024-11-12 02:38:12,184 [INFO] IPUIPlugin:80 - create IPUIPlugin
2024-11-12 02:38:12,184 [INFO] IPUIPlugin:80 - create IPUIPlugin
2024-11-12 02:38:12,184 [INFO] IPUIPlugin:80 - create IPUIPlugin
2024-11-12 02:38:12,185 [INFO] IPUIPlugin:80 - create IPUIPlugin
2024-11-12 02:38:12,185 [INFO] IPUIPlugin:80 - create IPUIPlugin
2024-11-12 02:38:12,185 [INFO] IPUIPlugin:80 - create IPUIPlugin
2024-11-12 02:38:12,185 [INFO] IPUIPlugin:80 - create IPUIPlugin
2024-11-12 02:38:12,185 [INFO] IPUIPlugin:80 - create IPUIPlugin
2024-11-12 02:38:12,186 [INFO] IPUIPlugin:80 - create IPUIPlugin
2024-11-12 02:38:12,186 [INFO] IPUIPlugin:80 - create IPUIPlugin
2024-11-12 02:38:12,381 [INFO] CADModel:165 - CPN selected for project levelSTM32G474RET6
2024-11-12 02:38:12,381 [INFO] CADModel:114 - Register for checkConnection events
2024-11-12 02:38:12,432 [INFO] OpenFileManager:343 - Restore cursor
2024-11-12 02:38:18,569 [ERROR] LogOutputStream:75 - [STDERR_REDIRECT] SLF4J: Failed to load class "org.slf4j.impl.StaticLoggerBinder".
2024-11-12 02:38:18,570 [ERROR] LogOutputStream:75 - [STDERR_REDIRECT] SLF4J: Defaulting to no-operation (NOP) logger implementation
2024-11-12 02:38:18,570 [ERROR] LogOutputStream:75 - [STDERR_REDIRECT] SLF4J: See http://www.slf4j.org/codes.html#StaticLoggerBinder for further details.
2024-11-12 02:39:44,186 [INFO] ADCParametersView:116 -                Rank 1 : false
2024-11-12 02:39:44,233 [INFO] ADCParametersView:116 -                Rank 1 : false
2024-11-12 02:39:44,233 [INFO] ADCParametersView:116 -                Rank 1 : false
2024-11-12 02:39:44,234 [INFO] ADCParametersView:116 -                Rank 1 : false
2024-11-12 02:39:44,234 [INFO] ADCParametersView:116 -                Rank 1 : false
2024-11-12 02:39:44,234 [INFO] ADCParametersView:116 -                Rank 1 : false
2024-11-12 02:39:44,234 [INFO] ADCParametersView:116 -                Rank 1 : false
2024-11-12 02:39:44,234 [INFO] ADCParametersView:116 -                Rank 1 : false
2024-11-12 02:39:44,234 [INFO] ADCParametersView:116 -                Rank 1 : false
2024-11-12 02:39:44,234 [INFO] ADCParametersView:116 -                Rank 1 : false
2024-11-12 02:39:44,234 [INFO] ADCParametersView:116 -                Rank 1 : false
2024-11-12 02:39:44,234 [INFO] ADCParametersView:116 -                Rank 1 : false
2024-11-12 02:39:44,234 [INFO] ADCParametersView:116 -                Rank 1 : false
2024-11-12 02:39:44,235 [INFO] ADCParametersView:116 -                Rank 1 : false
2024-11-12 02:39:44,235 [INFO] ADCParametersView:116 -                Rank 1 : false
2024-11-12 02:39:44,235 [INFO] ADCParametersView:116 -                Rank 1 : false
2024-11-12 02:39:44,235 [INFO] ADCParametersView:116 -                Rank 1 : false
2024-11-12 02:39:44,235 [INFO] ADCParametersView:116 -                Rank 1 : false
2024-11-12 02:39:44,235 [INFO] ADCParametersView:116 -                Rank 1 : false
2024-11-12 02:39:44,235 [INFO] ADCParametersView:116 -                Rank 1 : false
2024-11-12 02:39:44,235 [INFO] ADCParametersView:116 -                Rank 1 : false
2024-11-12 02:39:44,235 [INFO] ADCParametersView:116 -                Rank 1 : false
2024-11-12 02:39:44,243 [INFO] ADCParametersView:116 -                Rank 1 : false
2024-11-12 02:40:08,145 [INFO] ADCParametersView:116 -                Rank 1 : false
2024-11-12 02:40:08,145 [INFO] ADCParametersView:116 -                Rank 1 : false
2024-11-12 02:40:08,146 [INFO] ADCParametersView:116 -                Rank 1 : false
2024-11-12 02:40:08,146 [INFO] ADCParametersView:116 -                Rank 1 : false
2024-11-12 02:40:08,146 [INFO] ADCParametersView:116 -                Rank 1 : false
2024-11-12 02:40:08,146 [INFO] ADCParametersView:116 -                Rank 1 : false
2024-11-12 02:40:08,147 [INFO] ADCParametersView:116 -                Rank 1 : false
2024-11-12 02:40:08,147 [INFO] ADCParametersView:116 -                Rank 1 : false
2024-11-12 02:40:08,147 [INFO] ADCParametersView:116 -                Rank 1 : false
2024-11-12 02:40:08,147 [INFO] ADCParametersView:116 -                Rank 1 : false
2024-11-12 02:40:08,147 [INFO] ADCParametersView:116 -                Rank 1 : false
2024-11-12 02:40:08,147 [INFO] ADCParametersView:116 -                Rank 1 : false
2024-11-12 02:40:08,147 [INFO] ADCParametersView:116 -                Rank 1 : false
2024-11-12 02:40:08,148 [INFO] ADCParametersView:116 -                Rank 1 : false
2024-11-12 02:40:08,148 [INFO] ADCParametersView:116 -                Rank 1 : false
2024-11-12 02:40:08,148 [INFO] ADCParametersView:116 -                Rank 1 : false
2024-11-12 02:40:08,148 [INFO] ADCParametersView:116 -                Rank 1 : false
2024-11-12 02:40:08,148 [INFO] ADCParametersView:116 -                Rank 1 : false
2024-11-12 02:40:08,149 [INFO] ADCParametersView:116 -                Rank 1 : false
2024-11-12 02:40:08,149 [INFO] ADCParametersView:116 -                Rank 1 : false
2024-11-12 02:40:08,149 [INFO] ADCParametersView:116 -                Rank 1 : false
2024-11-12 02:40:08,162 [INFO] ADCParametersView:116 -                Rank 1 : false
2024-11-12 02:40:09,583 [INFO] NvicIntPanel:101 - NVIC parent = com.st.microxplorer.plugins.ip.nvic.MultiNvicIntPanel[,0,0,518x541,layout=javax.swing.BoxLayout,alignmentX=0.0,alignmentY=0.0,border=,flags=9,maximumSize=,minimumSize=,preferredSize=]
2024-11-12 02:40:11,763 [INFO] ADCParametersView:116 -                Rank 1 : false
2024-11-12 02:40:11,764 [INFO] ADCParametersView:116 -                Rank 1 : false
2024-11-12 02:40:11,764 [INFO] ADCParametersView:116 -                Rank 1 : false
2024-11-12 02:40:11,764 [INFO] ADCParametersView:116 -                Rank 1 : false
2024-11-12 02:40:11,765 [INFO] ADCParametersView:116 -                Rank 1 : false
2024-11-12 02:40:11,765 [INFO] ADCParametersView:116 -                Rank 1 : false
2024-11-12 02:40:11,765 [INFO] ADCParametersView:116 -                Rank 1 : false
2024-11-12 02:40:11,765 [INFO] ADCParametersView:116 -                Rank 1 : false
2024-11-12 02:40:11,765 [INFO] ADCParametersView:116 -                Rank 1 : false
2024-11-12 02:40:11,766 [INFO] ADCParametersView:116 -                Rank 1 : false
2024-11-12 02:40:11,766 [INFO] ADCParametersView:116 -                Rank 1 : false
2024-11-12 02:40:11,766 [INFO] ADCParametersView:116 -                Rank 1 : false
2024-11-12 02:40:11,766 [INFO] ADCParametersView:116 -                Rank 1 : false
2024-11-12 02:40:11,766 [INFO] ADCParametersView:116 -                Rank 1 : false
2024-11-12 02:40:11,767 [INFO] ADCParametersView:116 -                Rank 1 : false
2024-11-12 02:40:11,767 [INFO] ADCParametersView:116 -                Rank 1 : false
2024-11-12 02:40:11,767 [INFO] ADCParametersView:116 -                Rank 1 : false
2024-11-12 02:40:11,767 [INFO] ADCParametersView:116 -                Rank 1 : false
2024-11-12 02:40:11,767 [INFO] ADCParametersView:116 -                Rank 1 : false
2024-11-12 02:40:11,767 [INFO] ADCParametersView:116 -                Rank 1 : false
2024-11-12 02:40:11,767 [INFO] ADCParametersView:116 -                Rank 1 : false
2024-11-12 02:40:11,779 [INFO] ADCParametersView:116 -                Rank 1 : false
2024-11-12 02:40:50,296 [ERROR] LogOutputStream:75 - [STDERR_REDIRECT] 
2024-11-12 02:40:50,297 [ERROR] LogOutputStream:75 - [STDERR_REDIRECT] 
